<?xml version="1.0" encoding="UTF-8"?>
<!-- Generated by org.testng.reporters.JUnitXMLReporter -->
<testsuite ignored="0" hostname="LAPTOP-T0CQONB0" failures="1" tests="1" name="Default test" time="16.058" errors="0" timestamp="2025-01-09T15:43:20 IST">
  <testcase classname="io.cucumber.testng.AbstractTestNGCucumberTests" name="runScenario" time="15.55">
    <failure type="java.lang.NullPointerException" message="Cannot invoke &amp;quot;org.openqa.selenium.WebDriver.findElements(org.openqa.selenium.By)&amp;quot; because &amp;quot;this.driver&amp;quot; is null">
      <![CDATA[java.lang.NullPointerException: Cannot invoke "org.openqa.selenium.WebDriver.findElements(org.openqa.selenium.By)" because "this.driver" is null
at stepDefinitions.Ebay_Steps.Ebay_Search_Steps.selectItemInTheList(Ebay_Search_Steps.java:66)
at ✽.Select "1" number item in the list(file:///C:/Users/NISHTHA%20MISHRA/OneDrive/Documents/ebay_bdd/eBay_Automation_BDD_Java_Selenium/src/test/java/features/Ebay_Search.feature:18)
]]>
    </failure>
  </testcase> <!-- runScenario -->
</testsuite> <!-- Default test -->
