<?xml version="1.0" encoding="UTF-8"?>
<testng-results ignored="0" total="1" passed="0" failed="1" skipped="0">
  <reporter-output>
  </reporter-output>
  <suite started-at="2025-01-09T15:43:04 IST" name="Default suite" finished-at="2025-01-09T15:43:20 IST" duration-ms="16058">
    <groups>
      <group name="cucumber">
        <method signature="AbstractTestNGCucumberTests.runScenario(io.cucumber.testng.PickleWrapper,io.cucumber.testng.FeatureWrapper)[pri:0, instance:testRunner.TestNG2@343570b7]" name="runScenario" class="io.cucumber.testng.AbstractTestNGCucumberTests"/>
      </group> <!-- cucumber -->
    </groups>
    <test started-at="2025-01-09T15:43:04 IST" name="Default test" finished-at="2025-01-09T15:43:20 IST" duration-ms="16058">
      <class name="testRunner.TestNG2">
        <test-method is-config="true" signature="setUpClass(org.testng.ITestContext)[pri:0, instance:testRunner.TestNG2@343570b7]" started-at="2025-01-09T15:43:04 IST" name="setUpClass" finished-at="2025-01-09T15:43:05 IST" duration-ms="458" status="PASS">
          <params>
            <param index="0">
              <value>
                <![CDATA[org.testng.TestRunner@6e1d8f9e]]>
              </value>
            </param>
          </params>
          <reporter-output>
          </reporter-output>
        </test-method> <!-- setUpClass -->
        <test-method signature="runScenario(io.cucumber.testng.PickleWrapper,io.cucumber.testng.FeatureWrapper)[pri:0, instance:testRunner.TestNG2@343570b7]" started-at="2025-01-09T15:43:05 IST" name="runScenario" description="Runs Cucumber Scenarios" data-provider="scenarios" finished-at="2025-01-09T15:43:20 IST" duration-ms="15550" status="FAIL">
          <params>
            <param index="0">
              <value>
                <![CDATA["Verify Item Search"]]>
              </value>
            </param>
            <param index="1">
              <value>
                <![CDATA["Optional[Verify Ebay Item Search]"]]>
              </value>
            </param>
          </params>
          <exception class="java.lang.NullPointerException">
            <message>
              <![CDATA[Cannot invoke "org.openqa.selenium.WebDriver.findElements(org.openqa.selenium.By)" because "this.driver" is null]]>
            </message>
            <full-stacktrace>
              <![CDATA[java.lang.NullPointerException: Cannot invoke "org.openqa.selenium.WebDriver.findElements(org.openqa.selenium.By)" because "this.driver" is null
at stepDefinitions.Ebay_Steps.Ebay_Search_Steps.selectItemInTheList(Ebay_Search_Steps.java:66)
at ✽.Select "1" number item in the list(file:///C:/Users/NISHTHA%20MISHRA/OneDrive/Documents/ebay_bdd/eBay_Automation_BDD_Java_Selenium/src/test/java/features/Ebay_Search.feature:18)
]]>
            </full-stacktrace>
          </exception> <!-- java.lang.NullPointerException -->
          <reporter-output>
          </reporter-output>
        </test-method> <!-- runScenario -->
        <test-method is-config="true" signature="tearDownClass()[pri:0, instance:testRunner.TestNG2@343570b7]" started-at="2025-01-09T15:43:20 IST" name="tearDownClass" finished-at="2025-01-09T15:43:20 IST" duration-ms="9" status="PASS">
          <reporter-output>
          </reporter-output>
        </test-method> <!-- tearDownClass -->
      </class> <!-- testRunner.TestNG2 -->
    </test> <!-- Default test -->
  </suite> <!-- Default suite -->
</testng-results>
