<?xml version="1.0" encoding="UTF-8"?>
<!-- Generated by org.testng.reporters.JUnitReportReporter -->
<testsuite hostname="LAPTOP-T0CQONB0" failures="0" tests="1" name="testRunner.TestNG2" time="15.550" errors="1" timestamp="2025-01-09T15:43:21 IST" skipped="0">
  <testcase classname="testRunner.TestNG2" name="runScenario" time="15.550">
    <error message="Cannot invoke &quot;org.openqa.selenium.WebDriver.findElements(org.openqa.selenium.By)&quot; because &quot;this.driver&quot; is null" type="java.lang.NullPointerException">
      <![CDATA[java.lang.NullPointerException: Cannot invoke "org.openqa.selenium.WebDriver.findElements(org.openqa.selenium.By)" because "this.driver" is null
at stepDefinitions.Ebay_Steps.Ebay_Search_Steps.selectItemInTheList(Ebay_Search_Steps.java:66)
at ✽.Select "1" number item in the list(file:///C:/Users/NISHTHA%20MISHRA/OneDrive/Documents/ebay_bdd/eBay_Automation_BDD_Java_Selenium/src/test/java/features/Ebay_Search.feature:18)
]]>
    </error>
  </testcase> <!-- runScenario -->
  <system-out/>
</testsuite> <!-- testRunner.TestNG2 -->
